0 verbose cli C:\Program Files\nodejs\node.exe C:\Program Files\nodejs\node_modules\npm\bin\npm-cli.js
1 info using npm@10.2.3
2 info using node@v20.10.0
3 timing npm:load:whichnode Completed in 2ms
4 timing config:load:defaults Completed in 2ms
5 timing config:load:file:C:\Program Files\nodejs\node_modules\npm\npmrc Completed in 5ms
6 timing config:load:builtin Completed in 5ms
7 timing config:load:cli Completed in 3ms
8 timing config:load:env Completed in 0ms
9 timing config:load:file:C:\Users\Merna\Documents\Merna215663Cloud\client\.npmrc Completed in 0ms
10 timing config:load:project Completed in 1ms
11 timing config:load:file:C:\Users\Merna\.npmrc Completed in 0ms
12 timing config:load:user Completed in 0ms
13 timing config:load:file:C:\Users\Merna\AppData\Roaming\npm\etc\npmrc Completed in 0ms
14 timing config:load:global Completed in 0ms
15 timing config:load:setEnvs Completed in 1ms
16 timing config:load Completed in 14ms
17 timing npm:load:configload Completed in 14ms
18 timing config:load:flatten Completed in 2ms
19 timing npm:load:mkdirpcache Completed in 2ms
20 timing npm:load:mkdirplogs Completed in 1ms
21 verbose title npm install express
22 verbose argv "install" "express" "--cache" "false"
23 timing npm:load:setTitle Completed in 1ms
24 timing npm:load:display Completed in 0ms
25 verbose logfile logs-max:10 dir:C:\Users\Merna\Documents\Merna215663Cloud\client\false\_logs\2023-11-28T17_08_30_536Z-
26 verbose logfile C:\Users\Merna\Documents\Merna215663Cloud\client\false\_logs\2023-11-28T17_08_30_536Z-debug-0.log
27 timing npm:load:logFile Completed in 11ms
28 timing npm:load:timers Completed in 0ms
29 timing npm:load:configScope Completed in 0ms
30 timing npm:load Completed in 89ms
31 timing arborist:ctor Completed in 1ms
32 silly logfile done cleaning log files
33 timing idealTree:init Completed in 10ms
34 timing idealTree:userRequests Completed in 3ms
35 silly idealTree buildDeps
36 silly fetch manifest express@*
37 silly placeDep ROOT express@ OK for: merna@1.0.0 want: *
38 timing idealTree:#root Completed in 8ms
39 timing idealTree:node_modules/express Completed in 0ms
40 timing idealTree:buildDeps Completed in 9ms
41 timing idealTree:fixDepFlags Completed in 0ms
42 timing idealTree Completed in 24ms
43 timing command:install Completed in 48ms
44 verbose stack Error: request to https://registry.npmjs.org/express failed: cache mode is 'only-if-cached' but no cached response is available.
44 verbose stack     at cacheFetch (C:\Program Files\nodejs\node_modules\npm\node_modules\make-fetch-happen\lib\cache\index.js:12:13)
44 verbose stack     at async fetch (C:\Program Files\nodejs\node_modules\npm\node_modules\make-fetch-happen\lib\fetch.js:98:7)
44 verbose stack     at async RegistryFetcher.packument (C:\Program Files\nodejs\node_modules\npm\node_modules\pacote\lib\registry.js:87:19)
44 verbose stack     at async RegistryFetcher.manifest (C:\Program Files\nodejs\node_modules\npm\node_modules\pacote\lib\registry.js:118:23)
44 verbose stack     at async #nodeFromEdge (C:\Program Files\nodejs\node_modules\npm\node_modules\@npmcli\arborist\lib\arborist\build-ideal-tree.js:1049:19)
44 verbose stack     at async #buildDepStep (C:\Program Files\nodejs\node_modules\npm\node_modules\@npmcli\arborist\lib\arborist\build-ideal-tree.js:917:11)
44 verbose stack     at async Arborist.buildIdealTree (C:\Program Files\nodejs\node_modules\npm\node_modules\@npmcli\arborist\lib\arborist\build-ideal-tree.js:196:7)
44 verbose stack     at async Promise.all (index 1)
44 verbose stack     at async Arborist.reify (C:\Program Files\nodejs\node_modules\npm\node_modules\@npmcli\arborist\lib\arborist\reify.js:159:5)
44 verbose stack     at async Install.exec (C:\Program Files\nodejs\node_modules\npm\lib\commands\install.js:152:5)
45 verbose cwd C:\Users\Merna\Documents\Merna215663Cloud\client
46 verbose Windows_NT 10.0.22621
47 verbose node v20.10.0
48 verbose npm  v10.2.3
49 error code ENOTCACHED
50 error request to https://registry.npmjs.org/express failed: cache mode is 'only-if-cached' but no cached response is available.
51 verbose exit 1
52 timing npm Completed in 848ms
53 verbose unfinished npm timer reify 1701191311335
54 verbose unfinished npm timer reify:loadTrees 1701191311352
55 verbose code 1
56 error A complete log of this run can be found in: C:\Users\Merna\Documents\Merna215663Cloud\client\false\_logs\2023-11-28T17_08_30_536Z-debug-0.log
